Reading directory: "/home/jb/Dev"
Reading directory: "/home/jb/Dev/towerdefense"
Reading directory: "/home/jb/Dev/towerdefense/.git"
Reading directory: "/home/jb/Dev/towerdefense/src"
Reading directory: "/home/jb/Dev/towerdefense/target"
Attempting to preview or load: "/home/jb/Dev/towerdefense/.gitignore"
preview loaded successfully for: "/home/jb/Dev/towerdefense/.gitignore"
Reading directory: "/home/jb/Dev/towerdefense/target"
Creating file: "/home/jb/Dev/towerdefense/assets/"
Reading directory: "/home/jb/Dev/towerdefense"
Reading directory: "/home/jb/Dev/towerdefense/target"
Attempting to preview or load: "/home/jb/Dev/towerdefense/.gitignore"
preview loaded successfully for: "/home/jb/Dev/towerdefense/.gitignore"
Reading directory: "/home/jb/Dev/towerdefense/target"
Reading directory: "/home/jb/Dev/towerdefense/src"
Reading directory: "/home/jb/Dev/towerdefense/.git"
Reading directory: "/home/jb/Dev/towerdefense/src"
Reading directory: "/home/jb/Dev/towerdefense/target"
Attempting to preview or load: "/home/jb/Dev/towerdefense/.gitignore"
preview loaded successfully for: "/home/jb/Dev/towerdefense/.gitignore"
Attempting to preview or load: "/home/jb/Dev/towerdefense/Cargo.lock"
preview loaded successfully for: "/home/jb/Dev/towerdefense/Cargo.lock"
Attempting to preview or load: "/home/jb/Dev/towerdefense/Cargo.toml"
preview loaded successfully for: "/home/jb/Dev/towerdefense/Cargo.toml"
Attempting to preview or load: "/home/jb/Dev/towerdefense/debug.log"
preview loaded successfully for: "/home/jb/Dev/towerdefense/debug.log"
Attempting to preview or load: "/home/jb/Dev/towerdefense/grass_backgroud.png"
preview loaded successfully for: "/home/jb/Dev/towerdefense/grass_backgroud.png"
Attempting to preview or load: "/home/jb/Dev/towerdefense/grass_pixels.webp"
preview loaded successfully for: "/home/jb/Dev/towerdefense/grass_pixels.webp"
Attempting to preview or load: "/home/jb/Dev/towerdefense/grass_backgroud.png"
preview loaded successfully for: "/home/jb/Dev/towerdefense/grass_backgroud.png"
Attempting to preview or load: "/home/jb/Dev/towerdefense/debug.log"
preview loaded successfully for: "/home/jb/Dev/towerdefense/debug.log"
Attempting to preview or load: "/home/jb/Dev/towerdefense/Cargo.toml"
preview loaded successfully for: "/home/jb/Dev/towerdefense/Cargo.toml"
Attempting to preview or load: "/home/jb/Dev/towerdefense/Cargo.lock"
preview loaded successfully for: "/home/jb/Dev/towerdefense/Cargo.lock"
Attempting to preview or load: "/home/jb/Dev/towerdefense/.gitignore"
preview loaded successfully for: "/home/jb/Dev/towerdefense/.gitignore"
Reading directory: "/home/jb/Dev/towerdefense/target"
Reading directory: "/home/jb/Dev/towerdefense/src"
Reading directory: "/home/jb/Dev/towerdefense/.git"
Reading directory: "/home/jb/Dev/towerdefense/src"
Reading directory: "/home/jb/Dev/towerdefense/target"
Attempting to preview or load: "/home/jb/Dev/towerdefense/.gitignore"
preview loaded successfully for: "/home/jb/Dev/towerdefense/.gitignore"
Attempting to preview or load: "/home/jb/Dev/towerdefense/Cargo.lock"
preview loaded successfully for: "/home/jb/Dev/towerdefense/Cargo.lock"
Attempting to preview or load: "/home/jb/Dev/towerdefense/Cargo.toml"
preview loaded successfully for: "/home/jb/Dev/towerdefense/Cargo.toml"
Attempting to preview or load: "/home/jb/Dev/towerdefense/debug.log"
preview loaded successfully for: "/home/jb/Dev/towerdefense/debug.log"
Attempting to preview or load: "/home/jb/Dev/towerdefense/grass_backgroud.png"
preview loaded successfully for: "/home/jb/Dev/towerdefense/grass_backgroud.png"
Attempting to preview or load: "/home/jb/Dev/towerdefense/debug.log"
preview loaded successfully for: "/home/jb/Dev/towerdefense/debug.log"
Attempting to preview or load: "/home/jb/Dev/towerdefense/grass_backgroud.png"
preview loaded successfully for: "/home/jb/Dev/towerdefense/grass_backgroud.png"
Attempting to preview or load: "/home/jb/Dev/towerdefense/grass_pixels.webp"
preview loaded successfully for: "/home/jb/Dev/towerdefense/grass_pixels.webp"
Attempting to preview or load: "/home/jb/Dev/towerdefense/grass_backgroud.png"
preview loaded successfully for: "/home/jb/Dev/towerdefense/grass_backgroud.png"
Attempting to preview or load: "/home/jb/Dev/towerdefense/debug.log"
preview loaded successfully for: "/home/jb/Dev/towerdefense/debug.log"
Attempting to preview or load: "/home/jb/Dev/towerdefense/Cargo.toml"
preview loaded successfully for: "/home/jb/Dev/towerdefense/Cargo.toml"
Attempting to preview or load: "/home/jb/Dev/towerdefense/Cargo.lock"
preview loaded successfully for: "/home/jb/Dev/towerdefense/Cargo.lock"
Attempting to preview or load: "/home/jb/Dev/towerdefense/.gitignore"
preview loaded successfully for: "/home/jb/Dev/towerdefense/.gitignore"
Reading directory: "/home/jb/Dev/towerdefense/target"
Reading directory: "/home/jb/Dev/towerdefense/src"
